<?xml version="1.0" encoding="UTF-8"?>
<!-- Generated by org.testng.reporters.JUnitReportReporter -->
<testsuite hostname="T" failures="0" tests="1" name="twarita.restAssured.tests.sumValidationWithTestNG" time="1.763" errors="0" timestamp="2025-08-01T09:26:57 IST" skipped="0">
  <testcase classname="twarita.restAssured.tests.sumValidationWithTestNG" name="sumValidation" time="1.763"/>
</testsuite> <!-- twarita.restAssured.tests.sumValidationWithTestNG -->
