<?xml version="1.0" encoding="UTF-8"?>
<!-- Generated by org.testng.reporters.JUnitReportReporter -->
<testsuite hostname="T" failures="0" tests="4" name="twarita.restAssured.tests.DataParameterization" time="3.173" errors="0" timestamp="2025-08-03T21:46:28 IST" skipped="3">
  <testcase classname="twarita.restAssured.tests.DataParameterization" name="addBookWithExternalFiles" time="3.173"/>
  <testcase classname="twarita.restAssured.tests.DataParameterization" name="deleteBookWithTestNGDataProvider">
    <skipped/>
  </testcase> <!-- deleteBookWithTestNGDataProvider -->
  <testcase classname="twarita.restAssured.tests.DataParameterization" name="addBook">
    <skipped/>
  </testcase> <!-- addBook -->
  <testcase classname="twarita.restAssured.tests.DataParameterization" name="addBookWithTestNGDataProvider">
    <skipped/>
  </testcase> <!-- addBookWithTestNGDataProvider -->
</testsuite> <!-- twarita.restAssured.tests.DataParameterization -->
