<?xml version="1.0" encoding="UTF-8"?>
<!-- Generated by org.testng.reporters.JUnitReportReporter -->
<testsuite hostname="T" failures="0" tests="1" name="twarita.restAssured.tests.DataParameterization" time="3.251" errors="0" timestamp="2025-08-02T20:01:17 IST" skipped="0">
  <testcase classname="twarita.restAssured.tests.DataParameterization" name="addBook" time="3.251"/>
</testsuite> <!-- twarita.restAssured.tests.DataParameterization -->
