<?xml version="1.0" encoding="UTF-8"?>
<!-- Generated by org.testng.reporters.JUnitReportReporter -->
<testsuite hostname="T" failures="0" tests="1" name="twarita.restAssured.tests.JIRA_IssueCreation" time="3.830" errors="0" timestamp="2025-08-05T11:38:08 IST" skipped="0">
  <testcase classname="twarita.restAssured.tests.JIRA_IssueCreation" name="createBug" time="3.830"/>
</testsuite> <!-- twarita.restAssured.tests.JIRA_IssueCreation -->
